# Logfile created on 2014-02-14 11:23:38 -0500 by logger.rb/36483
I, [2014-02-14T11:23:38.932779 #11110]  INFO -- : 0:  rake (10.1.0) from /Users/rmerrill/.rbenv/versions/2.0.0-p247/lib/ruby/gems/2.0.0/specifications/rake-10.1.0.gemspec
I, [2014-02-14T11:23:38.933125 #11110]  INFO -- : 0:  i18n (0.6.1) from /Users/rmerrill/.rbenv/versions/2.0.0-p247/lib/ruby/gems/2.0.0/specifications/i18n-0.6.1.gemspec
I, [2014-02-14T11:23:38.933391 #11110]  INFO -- : 0:  multi_json (1.8.2) from /Users/rmerrill/.rbenv/versions/2.0.0-p247/lib/ruby/gems/2.0.0/specifications/multi_json-1.8.2.gemspec
I, [2014-02-14T11:23:38.933638 #11110]  INFO -- : 0:  activesupport (3.2.13) from /Users/rmerrill/.rbenv/versions/2.0.0-p247/lib/ruby/gems/2.0.0/specifications/activesupport-3.2.13.gemspec
I, [2014-02-14T11:23:40.505898 #11110]  INFO -- : 0:  builder (3.2.2) from /Users/rmerrill/.rbenv/versions/2.0.0-p247/lib/ruby/gems/2.0.0/specifications/builder-3.2.2.gemspec
I, [2014-02-14T11:23:40.506239 #11110]  INFO -- : 0:  chunky_png (1.2.9) from /Users/rmerrill/.rbenv/versions/2.0.0-p247/lib/ruby/gems/2.0.0/specifications/chunky_png-1.2.9.gemspec
I, [2014-02-14T11:23:40.506470 #11110]  INFO -- : 0:  coffee-script-source (1.3.3) from /Users/rmerrill/.rbenv/versions/2.0.0-p247/lib/ruby/gems/2.0.0/specifications/coffee-script-source-1.3.3.gemspec
I, [2014-02-14T11:23:40.506689 #11110]  INFO -- : 0:  execjs (1.4.0) from /Users/rmerrill/.rbenv/versions/2.0.0-p247/lib/ruby/gems/2.0.0/specifications/execjs-1.4.0.gemspec
I, [2014-02-14T11:23:40.506907 #11110]  INFO -- : 0:  coffee-script (2.2.0) from /Users/rmerrill/.rbenv/versions/2.0.0-p247/lib/ruby/gems/2.0.0/specifications/coffee-script-2.2.0.gemspec
I, [2014-02-14T11:23:40.507144 #11110]  INFO -- : 0:  fssm (0.2.10) from /Users/rmerrill/.rbenv/versions/2.0.0-p247/lib/ruby/gems/2.0.0/specifications/fssm-0.2.10.gemspec
I, [2014-02-14T11:23:40.507368 #11110]  INFO -- : 0:  sass (3.2.12) from /Users/rmerrill/.rbenv/versions/2.0.0-p247/lib/ruby/gems/2.0.0/specifications/sass-3.2.12.gemspec
I, [2014-02-14T11:23:40.507555 #11110]  INFO -- : 0:  compass (0.12.2) from /Users/rmerrill/.rbenv/versions/2.0.0-p247/lib/ruby/gems/2.0.0/specifications/compass-0.12.2.gemspec
I, [2014-02-14T11:23:40.507774 #11110]  INFO -- : 0:  tilt (1.3.7) from /Users/rmerrill/.rbenv/versions/2.0.0-p247/lib/ruby/gems/2.0.0/specifications/tilt-1.3.7.gemspec
I, [2014-02-14T11:23:41.406242 #11110]  INFO -- : 0:  haml (4.0.4) from /Users/rmerrill/.rbenv/versions/2.0.0-p247/lib/ruby/gems/2.0.0/specifications/haml-4.0.4.gemspec
I, [2014-02-14T11:23:41.406544 #11110]  INFO -- : 0:  hike (1.2.3) from /Users/rmerrill/.rbenv/versions/2.0.0-p247/lib/ruby/gems/2.0.0/specifications/hike-1.2.3.gemspec
I, [2014-02-14T11:23:41.406735 #11110]  INFO -- : 0:  rack (1.4.5) from /Users/rmerrill/.rbenv/versions/2.0.0-p247/lib/ruby/gems/2.0.0/specifications/rack-1.4.5.gemspec
I, [2014-02-14T11:23:41.406912 #11110]  INFO -- : 0:  url_mount (0.2.1) from /Users/rmerrill/.rbenv/versions/2.0.0-p247/lib/ruby/gems/2.0.0/specifications/url_mount-0.2.1.gemspec
I, [2014-02-14T11:23:41.407085 #11110]  INFO -- : 0:  http_router (0.10.2) from /Users/rmerrill/.rbenv/versions/2.0.0-p247/lib/ruby/gems/2.0.0/specifications/http_router-0.10.2.gemspec
I, [2014-02-14T11:23:41.407263 #11110]  INFO -- : 0:  listen (0.7.3) from /Users/rmerrill/.rbenv/versions/2.0.0-p247/lib/ruby/gems/2.0.0/specifications/listen-0.7.3.gemspec
I, [2014-02-14T11:23:41.407438 #11110]  INFO -- : 0:  syntax (1.0.0) from /Users/rmerrill/.rbenv/versions/2.0.0-p247/lib/ruby/gems/2.0.0/specifications/syntax-1.0.0.gemspec
I, [2014-02-14T11:23:41.407609 #11110]  INFO -- : 0:  maruku (0.6.1) from /Users/rmerrill/.rbenv/versions/2.0.0-p247/lib/ruby/gems/2.0.0/specifications/maruku-0.6.1.gemspec
I, [2014-02-14T11:23:41.407757 #11110]  INFO -- : 0:  bundler (1.5.1) from /Users/rmerrill/.rbenv/versions/2.0.0-p247/lib/ruby/gems/2.0.0/specifications/bundler-1.5.1.gemspec
I, [2014-02-14T11:23:41.407924 #11110]  INFO -- : 0:  rack-test (0.6.2) from /Users/rmerrill/.rbenv/versions/2.0.0-p247/lib/ruby/gems/2.0.0/specifications/rack-test-0.6.2.gemspec
I, [2014-02-14T11:23:41.408111 #11110]  INFO -- : 0:  rb-fsevent (0.9.3) from /Users/rmerrill/.rbenv/versions/2.0.0-p247/lib/ruby/gems/2.0.0/specifications/rb-fsevent-0.9.3.gemspec
I, [2014-02-14T11:23:41.408287 #11110]  INFO -- : 0:  thor (0.15.4) from /Users/rmerrill/.rbenv/versions/2.0.0-p247/lib/ruby/gems/2.0.0/specifications/thor-0.15.4.gemspec
I, [2014-02-14T11:23:41.408463 #11110]  INFO -- : 0:  middleman-core (3.0.14) from /Users/rmerrill/.rbenv/versions/2.0.0-p247/lib/ruby/gems/2.0.0/specifications/middleman-core-3.0.14.gemspec
I, [2014-02-14T11:23:41.408644 #11110]  INFO -- : 0:  rack-protection (1.5.1) from /Users/rmerrill/.rbenv/versions/2.0.0-p247/lib/ruby/gems/2.0.0/specifications/rack-protection-1.5.1.gemspec
I, [2014-02-14T11:23:41.408822 #11110]  INFO -- : 0:  sinatra (1.3.6) from /Users/rmerrill/.rbenv/versions/2.0.0-p247/lib/ruby/gems/2.0.0/specifications/sinatra-1.3.6.gemspec
I, [2014-02-14T11:23:41.408998 #11110]  INFO -- : 0:  padrino-core (0.10.7) from /Users/rmerrill/.rbenv/versions/2.0.0-p247/lib/ruby/gems/2.0.0/specifications/padrino-core-0.10.7.gemspec
I, [2014-02-14T11:23:41.409173 #11110]  INFO -- : 0:  padrino-helpers (0.10.7) from /Users/rmerrill/.rbenv/versions/2.0.0-p247/lib/ruby/gems/2.0.0/specifications/padrino-helpers-0.10.7.gemspec
I, [2014-02-14T11:23:41.409348 #11110]  INFO -- : 0:  uglifier (1.2.7) from /Users/rmerrill/.rbenv/versions/2.0.0-p247/lib/ruby/gems/2.0.0/specifications/uglifier-1.2.7.gemspec
I, [2014-02-14T11:23:41.409522 #11110]  INFO -- : 0:  middleman-more (3.0.14) from /Users/rmerrill/.rbenv/versions/2.0.0-p247/lib/ruby/gems/2.0.0/specifications/middleman-more-3.0.14.gemspec
I, [2014-02-14T11:23:41.409697 #11110]  INFO -- : 0:  sprockets (2.10.0) from /Users/rmerrill/.rbenv/versions/2.0.0-p247/lib/ruby/gems/2.0.0/specifications/sprockets-2.10.0.gemspec
I, [2014-02-14T11:23:41.409867 #11110]  INFO -- : 0:  sprockets-helpers (1.0.1) from /Users/rmerrill/.rbenv/versions/2.0.0-p247/lib/ruby/gems/2.0.0/specifications/sprockets-helpers-1.0.1.gemspec
I, [2014-02-14T11:23:41.410039 #11110]  INFO -- : 0:  sprockets-sass (1.0.2) from /Users/rmerrill/.rbenv/versions/2.0.0-p247/lib/ruby/gems/2.0.0/specifications/sprockets-sass-1.0.2.gemspec
I, [2014-02-14T11:23:41.410217 #11110]  INFO -- : 0:  middleman-sprockets (3.1.4) from /Users/rmerrill/.rbenv/versions/2.0.0-p247/lib/ruby/gems/2.0.0/specifications/middleman-sprockets-3.1.4.gemspec
I, [2014-02-14T11:23:41.410398 #11110]  INFO -- : 0:  middleman (3.0.14) from /Users/rmerrill/.rbenv/versions/2.0.0-p247/lib/ruby/gems/2.0.0/specifications/middleman-3.0.14.gemspec
I, [2014-02-14T11:23:43.407144 #11110]  INFO -- : 0:  tzinfo (0.3.38) from /Users/rmerrill/.rbenv/versions/2.0.0-p247/lib/ruby/gems/2.0.0/specifications/tzinfo-0.3.38.gemspec
I, [2014-02-14T11:23:44.663662 #11110]  INFO -- : 0:  middleman-blog (3.3.0) from /Users/rmerrill/.rbenv/versions/2.0.0-p247/lib/ruby/gems/2.0.0/specifications/middleman-blog-3.3.0.gemspec
I, [2014-02-14T11:23:44.663994 #11110]  INFO -- : 0:  ptools (1.2.2) from /Users/rmerrill/.rbenv/versions/2.0.0-p247/lib/ruby/gems/2.0.0/specifications/ptools-1.2.2.gemspec
I, [2014-02-14T11:23:45.818734 #11110]  INFO -- : 0:  middleman-deploy (0.0.12) from /Users/rmerrill/.rbenv/versions/2.0.0-p247/lib/ruby/gems/2.0.0/specifications/middleman-deploy-0.0.12.gemspec
I, [2014-02-14T11:23:46.638600 #11110]  INFO -- : 0:  middleman-gh-pages (0.0.2) from /Users/rmerrill/.rbenv/versions/2.0.0-p247/lib/ruby/gems/2.0.0/specifications/middleman-gh-pages-0.0.2.gemspec
I, [2014-02-14T11:23:46.638906 #11110]  INFO -- : 0:  susy (1.0.9) from /Users/rmerrill/.rbenv/versions/2.0.0-p247/lib/ruby/gems/2.0.0/specifications/susy-1.0.9.gemspec
I, [2014-02-18T10:36:57.553578 #38654]  INFO -- : 0:  rake (10.1.0) from /Users/rmerrill/.rbenv/versions/2.0.0-p247/lib/ruby/gems/2.0.0/specifications/rake-10.1.0.gemspec
I, [2014-02-18T10:36:57.554746 #38654]  INFO -- : 0:  i18n (0.6.1) from /Users/rmerrill/.rbenv/versions/2.0.0-p247/lib/ruby/gems/2.0.0/specifications/i18n-0.6.1.gemspec
I, [2014-02-18T10:36:57.555004 #38654]  INFO -- : 0:  multi_json (1.8.2) from /Users/rmerrill/.rbenv/versions/2.0.0-p247/lib/ruby/gems/2.0.0/specifications/multi_json-1.8.2.gemspec
I, [2014-02-18T10:36:57.555267 #38654]  INFO -- : 0:  activesupport (3.2.13) from /Users/rmerrill/.rbenv/versions/2.0.0-p247/lib/ruby/gems/2.0.0/specifications/activesupport-3.2.13.gemspec
I, [2014-02-18T10:36:57.555490 #38654]  INFO -- : 0:  builder (3.2.2) from /Users/rmerrill/.rbenv/versions/2.0.0-p247/lib/ruby/gems/2.0.0/specifications/builder-3.2.2.gemspec
I, [2014-02-18T10:36:57.555711 #38654]  INFO -- : 0:  bundler (1.5.1) from /Users/rmerrill/.rbenv/versions/2.0.0-p247/lib/ruby/gems/2.0.0/specifications/bundler-1.5.1.gemspec
I, [2014-02-18T10:36:57.555921 #38654]  INFO -- : 0:  chunky_png (1.2.9) from /Users/rmerrill/.rbenv/versions/2.0.0-p247/lib/ruby/gems/2.0.0/specifications/chunky_png-1.2.9.gemspec
I, [2014-02-18T10:36:57.556125 #38654]  INFO -- : 0:  coffee-script-source (1.3.3) from /Users/rmerrill/.rbenv/versions/2.0.0-p247/lib/ruby/gems/2.0.0/specifications/coffee-script-source-1.3.3.gemspec
I, [2014-02-18T10:36:57.556360 #38654]  INFO -- : 0:  execjs (1.4.0) from /Users/rmerrill/.rbenv/versions/2.0.0-p247/lib/ruby/gems/2.0.0/specifications/execjs-1.4.0.gemspec
I, [2014-02-18T10:36:57.556582 #38654]  INFO -- : 0:  coffee-script (2.2.0) from /Users/rmerrill/.rbenv/versions/2.0.0-p247/lib/ruby/gems/2.0.0/specifications/coffee-script-2.2.0.gemspec
I, [2014-02-18T10:36:57.556813 #38654]  INFO -- : 0:  fssm (0.2.10) from /Users/rmerrill/.rbenv/versions/2.0.0-p247/lib/ruby/gems/2.0.0/specifications/fssm-0.2.10.gemspec
I, [2014-02-18T10:36:57.557043 #38654]  INFO -- : 0:  sass (3.2.12) from /Users/rmerrill/.rbenv/versions/2.0.0-p247/lib/ruby/gems/2.0.0/specifications/sass-3.2.12.gemspec
I, [2014-02-18T10:36:57.557283 #38654]  INFO -- : 0:  compass (0.12.2) from /Users/rmerrill/.rbenv/versions/2.0.0-p247/lib/ruby/gems/2.0.0/specifications/compass-0.12.2.gemspec
I, [2014-02-18T10:36:57.557490 #38654]  INFO -- : 0:  tilt (1.3.7) from /Users/rmerrill/.rbenv/versions/2.0.0-p247/lib/ruby/gems/2.0.0/specifications/tilt-1.3.7.gemspec
I, [2014-02-18T10:36:57.557710 #38654]  INFO -- : 0:  haml (4.0.4) from /Users/rmerrill/.rbenv/versions/2.0.0-p247/lib/ruby/gems/2.0.0/specifications/haml-4.0.4.gemspec
I, [2014-02-18T10:36:57.557910 #38654]  INFO -- : 0:  hike (1.2.3) from /Users/rmerrill/.rbenv/versions/2.0.0-p247/lib/ruby/gems/2.0.0/specifications/hike-1.2.3.gemspec
I, [2014-02-18T10:36:57.558124 #38654]  INFO -- : 0:  rack (1.4.5) from /Users/rmerrill/.rbenv/versions/2.0.0-p247/lib/ruby/gems/2.0.0/specifications/rack-1.4.5.gemspec
I, [2014-02-18T10:36:57.558324 #38654]  INFO -- : 0:  url_mount (0.2.1) from /Users/rmerrill/.rbenv/versions/2.0.0-p247/lib/ruby/gems/2.0.0/specifications/url_mount-0.2.1.gemspec
I, [2014-02-18T10:36:57.558544 #38654]  INFO -- : 0:  http_router (0.10.2) from /Users/rmerrill/.rbenv/versions/2.0.0-p247/lib/ruby/gems/2.0.0/specifications/http_router-0.10.2.gemspec
I, [2014-02-18T10:36:57.558758 #38654]  INFO -- : 0:  listen (0.7.3) from /Users/rmerrill/.rbenv/versions/2.0.0-p247/lib/ruby/gems/2.0.0/specifications/listen-0.7.3.gemspec
I, [2014-02-18T10:36:57.558964 #38654]  INFO -- : 0:  syntax (1.0.0) from /Users/rmerrill/.rbenv/versions/2.0.0-p247/lib/ruby/gems/2.0.0/specifications/syntax-1.0.0.gemspec
I, [2014-02-18T10:36:57.559189 #38654]  INFO -- : 0:  maruku (0.6.1) from /Users/rmerrill/.rbenv/versions/2.0.0-p247/lib/ruby/gems/2.0.0/specifications/maruku-0.6.1.gemspec
I, [2014-02-18T10:36:57.559397 #38654]  INFO -- : 0:  rack-test (0.6.2) from /Users/rmerrill/.rbenv/versions/2.0.0-p247/lib/ruby/gems/2.0.0/specifications/rack-test-0.6.2.gemspec
I, [2014-02-18T10:36:57.559612 #38654]  INFO -- : 0:  rb-fsevent (0.9.3) from /Users/rmerrill/.rbenv/versions/2.0.0-p247/lib/ruby/gems/2.0.0/specifications/rb-fsevent-0.9.3.gemspec
I, [2014-02-18T10:36:57.559831 #38654]  INFO -- : 0:  thor (0.15.4) from /Users/rmerrill/.rbenv/versions/2.0.0-p247/lib/ruby/gems/2.0.0/specifications/thor-0.15.4.gemspec
I, [2014-02-18T10:36:57.560069 #38654]  INFO -- : 0:  middleman-core (3.0.14) from /Users/rmerrill/.rbenv/versions/2.0.0-p247/lib/ruby/gems/2.0.0/specifications/middleman-core-3.0.14.gemspec
I, [2014-02-18T10:36:57.560307 #38654]  INFO -- : 0:  rack-protection (1.5.1) from /Users/rmerrill/.rbenv/versions/2.0.0-p247/lib/ruby/gems/2.0.0/specifications/rack-protection-1.5.1.gemspec
I, [2014-02-18T10:36:57.560510 #38654]  INFO -- : 0:  sinatra (1.3.6) from /Users/rmerrill/.rbenv/versions/2.0.0-p247/lib/ruby/gems/2.0.0/specifications/sinatra-1.3.6.gemspec
I, [2014-02-18T10:36:57.560719 #38654]  INFO -- : 0:  padrino-core (0.10.7) from /Users/rmerrill/.rbenv/versions/2.0.0-p247/lib/ruby/gems/2.0.0/specifications/padrino-core-0.10.7.gemspec
I, [2014-02-18T10:36:57.560928 #38654]  INFO -- : 0:  padrino-helpers (0.10.7) from /Users/rmerrill/.rbenv/versions/2.0.0-p247/lib/ruby/gems/2.0.0/specifications/padrino-helpers-0.10.7.gemspec
I, [2014-02-18T10:36:57.561135 #38654]  INFO -- : 0:  uglifier (1.2.7) from /Users/rmerrill/.rbenv/versions/2.0.0-p247/lib/ruby/gems/2.0.0/specifications/uglifier-1.2.7.gemspec
I, [2014-02-18T10:36:57.561350 #38654]  INFO -- : 0:  middleman-more (3.0.14) from /Users/rmerrill/.rbenv/versions/2.0.0-p247/lib/ruby/gems/2.0.0/specifications/middleman-more-3.0.14.gemspec
I, [2014-02-18T10:36:57.561567 #38654]  INFO -- : 0:  sprockets (2.10.0) from /Users/rmerrill/.rbenv/versions/2.0.0-p247/lib/ruby/gems/2.0.0/specifications/sprockets-2.10.0.gemspec
I, [2014-02-18T10:36:57.561766 #38654]  INFO -- : 0:  sprockets-helpers (1.0.1) from /Users/rmerrill/.rbenv/versions/2.0.0-p247/lib/ruby/gems/2.0.0/specifications/sprockets-helpers-1.0.1.gemspec
I, [2014-02-18T10:36:57.561965 #38654]  INFO -- : 0:  sprockets-sass (1.0.2) from /Users/rmerrill/.rbenv/versions/2.0.0-p247/lib/ruby/gems/2.0.0/specifications/sprockets-sass-1.0.2.gemspec
I, [2014-02-18T10:36:57.562198 #38654]  INFO -- : 0:  middleman-sprockets (3.1.4) from /Users/rmerrill/.rbenv/versions/2.0.0-p247/lib/ruby/gems/2.0.0/specifications/middleman-sprockets-3.1.4.gemspec
I, [2014-02-18T10:36:57.562433 #38654]  INFO -- : 0:  middleman (3.0.14) from /Users/rmerrill/.rbenv/versions/2.0.0-p247/lib/ruby/gems/2.0.0/specifications/middleman-3.0.14.gemspec
I, [2014-02-18T10:36:57.562658 #38654]  INFO -- : 0:  tzinfo (0.3.38) from /Users/rmerrill/.rbenv/versions/2.0.0-p247/lib/ruby/gems/2.0.0/specifications/tzinfo-0.3.38.gemspec
I, [2014-02-18T10:36:57.562885 #38654]  INFO -- : 0:  middleman-blog (3.3.0) from /Users/rmerrill/.rbenv/versions/2.0.0-p247/lib/ruby/gems/2.0.0/specifications/middleman-blog-3.3.0.gemspec
I, [2014-02-18T10:36:57.563108 #38654]  INFO -- : 0:  ptools (1.2.2) from /Users/rmerrill/.rbenv/versions/2.0.0-p247/lib/ruby/gems/2.0.0/specifications/ptools-1.2.2.gemspec
I, [2014-02-18T10:36:57.563331 #38654]  INFO -- : 0:  middleman-deploy (0.0.12) from /Users/rmerrill/.rbenv/versions/2.0.0-p247/lib/ruby/gems/2.0.0/specifications/middleman-deploy-0.0.12.gemspec
I, [2014-02-18T10:36:57.563558 #38654]  INFO -- : 0:  middleman-gh-pages (0.0.2) from /Users/rmerrill/.rbenv/versions/2.0.0-p247/lib/ruby/gems/2.0.0/specifications/middleman-gh-pages-0.0.2.gemspec
I, [2014-02-18T10:36:59.164317 #38654]  INFO -- : 0:  mini_portile (0.5.2) from /Users/rmerrill/.rbenv/versions/2.0.0-p247/lib/ruby/gems/2.0.0/specifications/mini_portile-0.5.2.gemspec
I, [2014-02-18T10:38:07.215362 #38654]  INFO -- : 0:  nokogiri (1.6.1) from /Users/rmerrill/.rbenv/versions/2.0.0-p247/lib/ruby/gems/2.0.0/specifications/nokogiri-1.6.1.gemspec
I, [2014-02-18T10:38:07.215885 #38654]  INFO -- : 0:  susy (1.0.9) from /Users/rmerrill/.rbenv/versions/2.0.0-p247/lib/ruby/gems/2.0.0/specifications/susy-1.0.9.gemspec
I, [2014-02-18T23:01:31.104577 #49914]  INFO -- : 0:  rake (10.1.0) from /Users/rmerrill/.rbenv/versions/2.0.0-p247/lib/ruby/gems/2.0.0/specifications/rake-10.1.0.gemspec
I, [2014-02-18T23:01:31.104939 #49914]  INFO -- : 0:  i18n (0.6.1) from /Users/rmerrill/.rbenv/versions/2.0.0-p247/lib/ruby/gems/2.0.0/specifications/i18n-0.6.1.gemspec
I, [2014-02-18T23:01:31.105219 #49914]  INFO -- : 0:  multi_json (1.8.2) from /Users/rmerrill/.rbenv/versions/2.0.0-p247/lib/ruby/gems/2.0.0/specifications/multi_json-1.8.2.gemspec
I, [2014-02-18T23:01:31.105488 #49914]  INFO -- : 0:  activesupport (3.2.13) from /Users/rmerrill/.rbenv/versions/2.0.0-p247/lib/ruby/gems/2.0.0/specifications/activesupport-3.2.13.gemspec
I, [2014-02-18T23:01:31.105755 #49914]  INFO -- : 0:  builder (3.2.2) from /Users/rmerrill/.rbenv/versions/2.0.0-p247/lib/ruby/gems/2.0.0/specifications/builder-3.2.2.gemspec
I, [2014-02-18T23:01:31.111121 #49914]  INFO -- : 0:  bundler (1.5.1) from /Users/rmerrill/.rbenv/versions/2.0.0-p247/lib/ruby/gems/2.0.0/specifications/bundler-1.5.1.gemspec
I, [2014-02-18T23:01:31.111337 #49914]  INFO -- : 0:  chunky_png (1.2.9) from /Users/rmerrill/.rbenv/versions/2.0.0-p247/lib/ruby/gems/2.0.0/specifications/chunky_png-1.2.9.gemspec
I, [2014-02-18T23:01:31.111633 #49914]  INFO -- : 0:  coffee-script-source (1.3.3) from /Users/rmerrill/.rbenv/versions/2.0.0-p247/lib/ruby/gems/2.0.0/specifications/coffee-script-source-1.3.3.gemspec
I, [2014-02-18T23:01:31.111852 #49914]  INFO -- : 0:  execjs (1.4.0) from /Users/rmerrill/.rbenv/versions/2.0.0-p247/lib/ruby/gems/2.0.0/specifications/execjs-1.4.0.gemspec
I, [2014-02-18T23:01:31.112074 #49914]  INFO -- : 0:  coffee-script (2.2.0) from /Users/rmerrill/.rbenv/versions/2.0.0-p247/lib/ruby/gems/2.0.0/specifications/coffee-script-2.2.0.gemspec
I, [2014-02-18T23:01:31.112276 #49914]  INFO -- : 0:  fssm (0.2.10) from /Users/rmerrill/.rbenv/versions/2.0.0-p247/lib/ruby/gems/2.0.0/specifications/fssm-0.2.10.gemspec
I, [2014-02-18T23:01:31.112501 #49914]  INFO -- : 0:  sass (3.2.12) from /Users/rmerrill/.rbenv/versions/2.0.0-p247/lib/ruby/gems/2.0.0/specifications/sass-3.2.12.gemspec
I, [2014-02-18T23:01:31.112765 #49914]  INFO -- : 0:  compass (0.12.2) from /Users/rmerrill/.rbenv/versions/2.0.0-p247/lib/ruby/gems/2.0.0/specifications/compass-0.12.2.gemspec
I, [2014-02-18T23:01:31.113006 #49914]  INFO -- : 0:  tilt (1.3.7) from /Users/rmerrill/.rbenv/versions/2.0.0-p247/lib/ruby/gems/2.0.0/specifications/tilt-1.3.7.gemspec
I, [2014-02-18T23:01:31.113265 #49914]  INFO -- : 0:  haml (4.0.4) from /Users/rmerrill/.rbenv/versions/2.0.0-p247/lib/ruby/gems/2.0.0/specifications/haml-4.0.4.gemspec
I, [2014-02-18T23:01:31.113532 #49914]  INFO -- : 0:  hike (1.2.3) from /Users/rmerrill/.rbenv/versions/2.0.0-p247/lib/ruby/gems/2.0.0/specifications/hike-1.2.3.gemspec
I, [2014-02-18T23:01:31.113814 #49914]  INFO -- : 0:  rack (1.4.5) from /Users/rmerrill/.rbenv/versions/2.0.0-p247/lib/ruby/gems/2.0.0/specifications/rack-1.4.5.gemspec
I, [2014-02-18T23:01:31.114075 #49914]  INFO -- : 0:  url_mount (0.2.1) from /Users/rmerrill/.rbenv/versions/2.0.0-p247/lib/ruby/gems/2.0.0/specifications/url_mount-0.2.1.gemspec
I, [2014-02-18T23:01:31.114361 #49914]  INFO -- : 0:  http_router (0.10.2) from /Users/rmerrill/.rbenv/versions/2.0.0-p247/lib/ruby/gems/2.0.0/specifications/http_router-0.10.2.gemspec
I, [2014-02-18T23:01:31.114639 #49914]  INFO -- : 0:  httpclient (2.3.4.1) from /Users/rmerrill/.rbenv/versions/2.0.0-p247/lib/ruby/gems/2.0.0/specifications/httpclient-2.3.4.1.gemspec
I, [2014-02-18T23:01:31.114905 #49914]  INFO -- : 0:  json (1.8.1) from /Users/rmerrill/.rbenv/versions/2.0.0-p247/lib/ruby/gems/2.0.0/specifications/json-1.8.1.gemspec
I, [2014-02-18T23:01:31.115158 #49914]  INFO -- : 0:  listen (0.7.3) from /Users/rmerrill/.rbenv/versions/2.0.0-p247/lib/ruby/gems/2.0.0/specifications/listen-0.7.3.gemspec
I, [2014-02-18T23:01:31.115349 #49914]  INFO -- : 0:  syntax (1.0.0) from /Users/rmerrill/.rbenv/versions/2.0.0-p247/lib/ruby/gems/2.0.0/specifications/syntax-1.0.0.gemspec
I, [2014-02-18T23:01:31.115556 #49914]  INFO -- : 0:  maruku (0.6.1) from /Users/rmerrill/.rbenv/versions/2.0.0-p247/lib/ruby/gems/2.0.0/specifications/maruku-0.6.1.gemspec
I, [2014-02-18T23:01:31.115738 #49914]  INFO -- : 0:  rack-test (0.6.2) from /Users/rmerrill/.rbenv/versions/2.0.0-p247/lib/ruby/gems/2.0.0/specifications/rack-test-0.6.2.gemspec
I, [2014-02-18T23:01:31.115953 #49914]  INFO -- : 0:  rb-fsevent (0.9.3) from /Users/rmerrill/.rbenv/versions/2.0.0-p247/lib/ruby/gems/2.0.0/specifications/rb-fsevent-0.9.3.gemspec
I, [2014-02-18T23:01:31.116159 #49914]  INFO -- : 0:  thor (0.15.4) from /Users/rmerrill/.rbenv/versions/2.0.0-p247/lib/ruby/gems/2.0.0/specifications/thor-0.15.4.gemspec
I, [2014-02-18T23:01:31.116362 #49914]  INFO -- : 0:  middleman-core (3.0.14) from /Users/rmerrill/.rbenv/versions/2.0.0-p247/lib/ruby/gems/2.0.0/specifications/middleman-core-3.0.14.gemspec
I, [2014-02-18T23:01:31.116567 #49914]  INFO -- : 0:  rack-protection (1.5.1) from /Users/rmerrill/.rbenv/versions/2.0.0-p247/lib/ruby/gems/2.0.0/specifications/rack-protection-1.5.1.gemspec
I, [2014-02-18T23:01:31.116810 #49914]  INFO -- : 0:  sinatra (1.3.6) from /Users/rmerrill/.rbenv/versions/2.0.0-p247/lib/ruby/gems/2.0.0/specifications/sinatra-1.3.6.gemspec
I, [2014-02-18T23:01:31.117019 #49914]  INFO -- : 0:  padrino-core (0.10.7) from /Users/rmerrill/.rbenv/versions/2.0.0-p247/lib/ruby/gems/2.0.0/specifications/padrino-core-0.10.7.gemspec
I, [2014-02-18T23:01:31.117210 #49914]  INFO -- : 0:  padrino-helpers (0.10.7) from /Users/rmerrill/.rbenv/versions/2.0.0-p247/lib/ruby/gems/2.0.0/specifications/padrino-helpers-0.10.7.gemspec
I, [2014-02-18T23:01:31.117412 #49914]  INFO -- : 0:  uglifier (1.2.7) from /Users/rmerrill/.rbenv/versions/2.0.0-p247/lib/ruby/gems/2.0.0/specifications/uglifier-1.2.7.gemspec
I, [2014-02-18T23:01:31.117613 #49914]  INFO -- : 0:  middleman-more (3.0.14) from /Users/rmerrill/.rbenv/versions/2.0.0-p247/lib/ruby/gems/2.0.0/specifications/middleman-more-3.0.14.gemspec
I, [2014-02-18T23:01:31.117820 #49914]  INFO -- : 0:  sprockets (2.10.0) from /Users/rmerrill/.rbenv/versions/2.0.0-p247/lib/ruby/gems/2.0.0/specifications/sprockets-2.10.0.gemspec
I, [2014-02-18T23:01:31.118032 #49914]  INFO -- : 0:  sprockets-helpers (1.0.1) from /Users/rmerrill/.rbenv/versions/2.0.0-p247/lib/ruby/gems/2.0.0/specifications/sprockets-helpers-1.0.1.gemspec
I, [2014-02-18T23:01:31.118237 #49914]  INFO -- : 0:  sprockets-sass (1.0.2) from /Users/rmerrill/.rbenv/versions/2.0.0-p247/lib/ruby/gems/2.0.0/specifications/sprockets-sass-1.0.2.gemspec
I, [2014-02-18T23:01:31.118449 #49914]  INFO -- : 0:  middleman-sprockets (3.1.4) from /Users/rmerrill/.rbenv/versions/2.0.0-p247/lib/ruby/gems/2.0.0/specifications/middleman-sprockets-3.1.4.gemspec
I, [2014-02-18T23:01:31.118685 #49914]  INFO -- : 0:  middleman (3.0.14) from /Users/rmerrill/.rbenv/versions/2.0.0-p247/lib/ruby/gems/2.0.0/specifications/middleman-3.0.14.gemspec
I, [2014-02-18T23:01:31.118887 #49914]  INFO -- : 0:  tzinfo (0.3.38) from /Users/rmerrill/.rbenv/versions/2.0.0-p247/lib/ruby/gems/2.0.0/specifications/tzinfo-0.3.38.gemspec
I, [2014-02-18T23:01:31.119096 #49914]  INFO -- : 0:  middleman-blog (3.3.0) from /Users/rmerrill/.rbenv/versions/2.0.0-p247/lib/ruby/gems/2.0.0/specifications/middleman-blog-3.3.0.gemspec
I, [2014-02-18T23:01:31.119298 #49914]  INFO -- : 0:  ptools (1.2.2) from /Users/rmerrill/.rbenv/versions/2.0.0-p247/lib/ruby/gems/2.0.0/specifications/ptools-1.2.2.gemspec
I, [2014-02-18T23:01:31.119511 #49914]  INFO -- : 0:  middleman-deploy (0.0.12) from /Users/rmerrill/.rbenv/versions/2.0.0-p247/lib/ruby/gems/2.0.0/specifications/middleman-deploy-0.0.12.gemspec
I, [2014-02-18T23:01:31.119715 #49914]  INFO -- : 0:  middleman-gh-pages (0.0.2) from /Users/rmerrill/.rbenv/versions/2.0.0-p247/lib/ruby/gems/2.0.0/specifications/middleman-gh-pages-0.0.2.gemspec
I, [2014-02-18T23:01:31.119903 #49914]  INFO -- : 0:  smusher (0.4.9) from /Users/rmerrill/.rbenv/versions/2.0.0-p247/lib/ruby/gems/2.0.0/specifications/smusher-0.4.9.gemspec
I, [2014-02-18T23:01:31.120096 #49914]  INFO -- : 0:  middleman-smusher (3.0.0) from /Users/rmerrill/.rbenv/versions/2.0.0-p247/lib/ruby/gems/2.0.0/specifications/middleman-smusher-3.0.0.gemspec
I, [2014-02-18T23:01:31.120279 #49914]  INFO -- : 0:  mini_portile (0.5.2) from /Users/rmerrill/.rbenv/versions/2.0.0-p247/lib/ruby/gems/2.0.0/specifications/mini_portile-0.5.2.gemspec
I, [2014-02-18T23:01:31.120473 #49914]  INFO -- : 0:  nokogiri (1.6.1) from /Users/rmerrill/.rbenv/versions/2.0.0-p247/lib/ruby/gems/2.0.0/specifications/nokogiri-1.6.1.gemspec
I, [2014-02-18T23:01:31.120693 #49914]  INFO -- : 0:  susy (1.0.9) from /Users/rmerrill/.rbenv/versions/2.0.0-p247/lib/ruby/gems/2.0.0/specifications/susy-1.0.9.gemspec
I, [2014-02-19T15:20:04.303006 #22379]  INFO -- : 0:  rake (10.1.1) from /Users/rmerrill/.rbenv/versions/2.0.0-p247/lib/ruby/gems/2.0.0/specifications/rake-10.1.1.gemspec
I, [2014-02-19T15:20:04.304389 #22379]  INFO -- : 0:  i18n (0.6.1) from /Users/rmerrill/.rbenv/versions/2.0.0-p247/lib/ruby/gems/2.0.0/specifications/i18n-0.6.1.gemspec
I, [2014-02-19T15:20:04.304660 #22379]  INFO -- : 0:  multi_json (1.8.4) from /Users/rmerrill/.rbenv/versions/2.0.0-p247/lib/ruby/gems/2.0.0/specifications/multi_json-1.8.4.gemspec
I, [2014-02-19T15:20:04.304888 #22379]  INFO -- : 0:  activesupport (3.2.13) from /Users/rmerrill/.rbenv/versions/2.0.0-p247/lib/ruby/gems/2.0.0/specifications/activesupport-3.2.13.gemspec
I, [2014-02-19T15:20:04.305075 #22379]  INFO -- : 0:  builder (3.2.2) from /Users/rmerrill/.rbenv/versions/2.0.0-p247/lib/ruby/gems/2.0.0/specifications/builder-3.2.2.gemspec
I, [2014-02-19T15:20:04.305280 #22379]  INFO -- : 0:  bundler (1.5.1) from /Users/rmerrill/.rbenv/versions/2.0.0-p247/lib/ruby/gems/2.0.0/specifications/bundler-1.5.1.gemspec
I, [2014-02-19T15:20:04.305529 #22379]  INFO -- : 0:  chunky_png (1.3.0) from /Users/rmerrill/.rbenv/versions/2.0.0-p247/lib/ruby/gems/2.0.0/specifications/chunky_png-1.3.0.gemspec
I, [2014-02-19T15:20:04.305763 #22379]  INFO -- : 0:  coffee-script-source (1.3.3) from /Users/rmerrill/.rbenv/versions/2.0.0-p247/lib/ruby/gems/2.0.0/specifications/coffee-script-source-1.3.3.gemspec
I, [2014-02-19T15:20:04.306456 #22379]  INFO -- : 0:  execjs (1.4.0) from /Users/rmerrill/.rbenv/versions/2.0.0-p247/lib/ruby/gems/2.0.0/specifications/execjs-1.4.0.gemspec
I, [2014-02-19T15:20:04.306692 #22379]  INFO -- : 0:  coffee-script (2.2.0) from /Users/rmerrill/.rbenv/versions/2.0.0-p247/lib/ruby/gems/2.0.0/specifications/coffee-script-2.2.0.gemspec
I, [2014-02-19T15:20:04.306903 #22379]  INFO -- : 0:  fssm (0.2.10) from /Users/rmerrill/.rbenv/versions/2.0.0-p247/lib/ruby/gems/2.0.0/specifications/fssm-0.2.10.gemspec
I, [2014-02-19T15:20:04.307119 #22379]  INFO -- : 0:  sass (3.2.14) from /Users/rmerrill/.rbenv/versions/2.0.0-p247/lib/ruby/gems/2.0.0/specifications/sass-3.2.14.gemspec
I, [2014-02-19T15:20:04.307324 #22379]  INFO -- : 0:  compass (0.12.2) from /Users/rmerrill/.rbenv/versions/2.0.0-p247/lib/ruby/gems/2.0.0/specifications/compass-0.12.2.gemspec
I, [2014-02-19T15:20:04.307563 #22379]  INFO -- : 0:  tilt (1.3.7) from /Users/rmerrill/.rbenv/versions/2.0.0-p247/lib/ruby/gems/2.0.0/specifications/tilt-1.3.7.gemspec
I, [2014-02-19T15:20:04.307777 #22379]  INFO -- : 0:  haml (4.0.5) from /Users/rmerrill/.rbenv/versions/2.0.0-p247/lib/ruby/gems/2.0.0/specifications/haml-4.0.5.gemspec
I, [2014-02-19T15:20:04.307965 #22379]  INFO -- : 0:  hike (1.2.3) from /Users/rmerrill/.rbenv/versions/2.0.0-p247/lib/ruby/gems/2.0.0/specifications/hike-1.2.3.gemspec
I, [2014-02-19T15:20:04.308170 #22379]  INFO -- : 0:  rack (1.4.5) from /Users/rmerrill/.rbenv/versions/2.0.0-p247/lib/ruby/gems/2.0.0/specifications/rack-1.4.5.gemspec
I, [2014-02-19T15:20:04.308383 #22379]  INFO -- : 0:  url_mount (0.2.1) from /Users/rmerrill/.rbenv/versions/2.0.0-p247/lib/ruby/gems/2.0.0/specifications/url_mount-0.2.1.gemspec
I, [2014-02-19T15:20:04.308595 #22379]  INFO -- : 0:  http_router (0.10.2) from /Users/rmerrill/.rbenv/versions/2.0.0-p247/lib/ruby/gems/2.0.0/specifications/http_router-0.10.2.gemspec
I, [2014-02-19T15:20:04.308797 #22379]  INFO -- : 0:  httpclient (2.3.4.1) from /Users/rmerrill/.rbenv/versions/2.0.0-p247/lib/ruby/gems/2.0.0/specifications/httpclient-2.3.4.1.gemspec
I, [2014-02-19T15:20:04.308980 #22379]  INFO -- : 0:  json (1.8.1) from /Users/rmerrill/.rbenv/versions/2.0.0-p247/lib/ruby/gems/2.0.0/specifications/json-1.8.1.gemspec
I, [2014-02-19T15:20:04.309174 #22379]  INFO -- : 0:  listen (0.7.3) from /Users/rmerrill/.rbenv/versions/2.0.0-p247/lib/ruby/gems/2.0.0/specifications/listen-0.7.3.gemspec
I, [2014-02-19T15:20:04.309379 #22379]  INFO -- : 0:  syntax (1.2.0) from /Users/rmerrill/.rbenv/versions/2.0.0-p247/lib/ruby/gems/2.0.0/specifications/syntax-1.2.0.gemspec
I, [2014-02-19T15:20:04.309555 #22379]  INFO -- : 0:  maruku (0.6.1) from /Users/rmerrill/.rbenv/versions/2.0.0-p247/lib/ruby/gems/2.0.0/specifications/maruku-0.6.1.gemspec
I, [2014-02-19T15:20:04.309746 #22379]  INFO -- : 0:  rack-test (0.6.2) from /Users/rmerrill/.rbenv/versions/2.0.0-p247/lib/ruby/gems/2.0.0/specifications/rack-test-0.6.2.gemspec
I, [2014-02-19T15:20:04.309942 #22379]  INFO -- : 0:  rb-fsevent (0.9.4) from /Users/rmerrill/.rbenv/versions/2.0.0-p247/lib/ruby/gems/2.0.0/specifications/rb-fsevent-0.9.4.gemspec
I, [2014-02-19T15:20:04.310121 #22379]  INFO -- : 0:  thor (0.15.4) from /Users/rmerrill/.rbenv/versions/2.0.0-p247/lib/ruby/gems/2.0.0/specifications/thor-0.15.4.gemspec
I, [2014-02-19T15:20:04.310316 #22379]  INFO -- : 0:  middleman-core (3.0.14) from /Users/rmerrill/.rbenv/versions/2.0.0-p247/lib/ruby/gems/2.0.0/specifications/middleman-core-3.0.14.gemspec
I, [2014-02-19T15:20:04.310513 #22379]  INFO -- : 0:  rack-protection (1.5.2) from /Users/rmerrill/.rbenv/versions/2.0.0-p247/lib/ruby/gems/2.0.0/specifications/rack-protection-1.5.2.gemspec
I, [2014-02-19T15:20:04.310693 #22379]  INFO -- : 0:  sinatra (1.3.6) from /Users/rmerrill/.rbenv/versions/2.0.0-p247/lib/ruby/gems/2.0.0/specifications/sinatra-1.3.6.gemspec
I, [2014-02-19T15:20:04.310884 #22379]  INFO -- : 0:  padrino-core (0.10.7) from /Users/rmerrill/.rbenv/versions/2.0.0-p247/lib/ruby/gems/2.0.0/specifications/padrino-core-0.10.7.gemspec
I, [2014-02-19T15:20:04.311072 #22379]  INFO -- : 0:  padrino-helpers (0.10.7) from /Users/rmerrill/.rbenv/versions/2.0.0-p247/lib/ruby/gems/2.0.0/specifications/padrino-helpers-0.10.7.gemspec
I, [2014-02-19T15:20:04.311261 #22379]  INFO -- : 0:  uglifier (1.2.7) from /Users/rmerrill/.rbenv/versions/2.0.0-p247/lib/ruby/gems/2.0.0/specifications/uglifier-1.2.7.gemspec
I, [2014-02-19T15:20:04.311504 #22379]  INFO -- : 0:  middleman-more (3.0.14) from /Users/rmerrill/.rbenv/versions/2.0.0-p247/lib/ruby/gems/2.0.0/specifications/middleman-more-3.0.14.gemspec
I, [2014-02-19T15:20:04.311730 #22379]  INFO -- : 0:  sprockets (2.10.1) from /Users/rmerrill/.rbenv/versions/2.0.0-p247/lib/ruby/gems/2.0.0/specifications/sprockets-2.10.1.gemspec
I, [2014-02-19T15:20:04.311903 #22379]  INFO -- : 0:  sprockets-helpers (1.0.1) from /Users/rmerrill/.rbenv/versions/2.0.0-p247/lib/ruby/gems/2.0.0/specifications/sprockets-helpers-1.0.1.gemspec
I, [2014-02-19T15:20:04.312100 #22379]  INFO -- : 0:  sprockets-sass (1.0.2) from /Users/rmerrill/.rbenv/versions/2.0.0-p247/lib/ruby/gems/2.0.0/specifications/sprockets-sass-1.0.2.gemspec
I, [2014-02-19T15:20:04.312302 #22379]  INFO -- : 0:  middleman-sprockets (3.1.4) from /Users/rmerrill/.rbenv/versions/2.0.0-p247/lib/ruby/gems/2.0.0/specifications/middleman-sprockets-3.1.4.gemspec
I, [2014-02-19T15:20:04.312480 #22379]  INFO -- : 0:  middleman (3.0.14) from /Users/rmerrill/.rbenv/versions/2.0.0-p247/lib/ruby/gems/2.0.0/specifications/middleman-3.0.14.gemspec
I, [2014-02-19T15:20:04.312676 #22379]  INFO -- : 0:  tzinfo (0.3.38) from /Users/rmerrill/.rbenv/versions/2.0.0-p247/lib/ruby/gems/2.0.0/specifications/tzinfo-0.3.38.gemspec
I, [2014-02-19T15:20:04.312854 #22379]  INFO -- : 0:  middleman-blog (3.3.0) from /Users/rmerrill/.rbenv/versions/2.0.0-p247/lib/ruby/gems/2.0.0/specifications/middleman-blog-3.3.0.gemspec
I, [2014-02-19T15:20:05.278098 #22379]  INFO -- : 0:  ptools (1.2.3) from /Users/rmerrill/.rbenv/versions/2.0.0-p247/lib/ruby/gems/2.0.0/specifications/ptools-1.2.3.gemspec
I, [2014-02-19T15:20:05.278452 #22379]  INFO -- : 0:  middleman-deploy (0.0.12) from /Users/rmerrill/.rbenv/versions/2.0.0-p247/lib/ruby/gems/2.0.0/specifications/middleman-deploy-0.0.12.gemspec
I, [2014-02-19T15:20:06.145611 #22379]  INFO -- : 0:  middleman-gh-pages (0.0.3) from /Users/rmerrill/.rbenv/versions/2.0.0-p247/lib/ruby/gems/2.0.0/specifications/middleman-gh-pages-0.0.3.gemspec
I, [2014-02-19T15:20:06.146047 #22379]  INFO -- : 0:  smusher (0.4.9) from /Users/rmerrill/.rbenv/versions/2.0.0-p247/lib/ruby/gems/2.0.0/specifications/smusher-0.4.9.gemspec
I, [2014-02-19T15:20:06.146356 #22379]  INFO -- : 0:  middleman-smusher (3.0.0) from /Users/rmerrill/.rbenv/versions/2.0.0-p247/lib/ruby/gems/2.0.0/specifications/middleman-smusher-3.0.0.gemspec
I, [2014-02-19T15:20:06.146584 #22379]  INFO -- : 0:  mini_portile (0.5.2) from /Users/rmerrill/.rbenv/versions/2.0.0-p247/lib/ruby/gems/2.0.0/specifications/mini_portile-0.5.2.gemspec
I, [2014-02-19T15:20:06.146901 #22379]  INFO -- : 0:  nokogiri (1.6.1) from /Users/rmerrill/.rbenv/versions/2.0.0-p247/lib/ruby/gems/2.0.0/specifications/nokogiri-1.6.1.gemspec
I, [2014-02-19T15:20:06.147228 #22379]  INFO -- : 0:  susy (1.0.9) from /Users/rmerrill/.rbenv/versions/2.0.0-p247/lib/ruby/gems/2.0.0/specifications/susy-1.0.9.gemspec
